{
  "RSpec": {
    "coverage": {
      "/Users/marabd/Desktop/dpl/week5/school/config/environment.rb": [
        null,
        1,
        null,
        null,
        1
      ],
      "/Users/marabd/Desktop/dpl/week5/school/config/application.rb": [
        1,
        null,
        1,
        null,
        1,
        1,
        1,
        1,
        1,
        1,
        1,
        null,
        null,
        null,
        null,
        1,
        null,
        1,
        1,
        null,
        null,
        null,
        null,
        null,
        null,
        null,
        null,
        null,
        null,
        null,
        null,
        null,
        1,
        null,
        null
      ],
      "/Users/marabd/Desktop/dpl/week5/school/config/boot.rb": [
        1,
        null,
        1
      ],
      "/Users/marabd/Desktop/dpl/week5/school/config/environments/test.rb": [
        1,
        null,
        null,
        null,
        null,
        null,
        null,
        1,
        null,
        null,
        null,
        null,
        1,
        null,
        null,
        1,
        1,
        null,
        null,
        1,
        1,
        null,
        null,
        1,
        null,
        null,
        1,
        null,
        null,
        null,
        null,
        1,
        null,
        null,
        1,
        null,
        null,
        1,
        null,
        null,
        null,
        null
      ],
      "/Users/marabd/Desktop/dpl/week5/school/config/initializers/assets.rb": [
        null,
        null,
        null,
        1,
        null,
        null,
        null,
        null,
        null,
        null,
        null
      ],
      "/Users/marabd/Desktop/dpl/week5/school/config/initializers/backtrace_silencers.rb": [
        null,
        null,
        null,
        null,
        null,
        null,
        null
      ],
      "/Users/marabd/Desktop/dpl/week5/school/config/initializers/cookies_serializer.rb": [
        null,
        null,
        1
      ],
      "/Users/marabd/Desktop/dpl/week5/school/config/initializers/filter_parameter_logging.rb": [
        null,
        null,
        null,
        1
      ],
      "/Users/marabd/Desktop/dpl/week5/school/config/initializers/inflections.rb": [
        null,
        null,
        null,
        null,
        null,
        null,
        null,
        null,
        null,
        null,
        null,
        null,
        null,
        null,
        null,
        null
      ],
      "/Users/marabd/Desktop/dpl/week5/school/config/initializers/mime_types.rb": [
        null,
        null,
        null,
        null
      ],
      "/Users/marabd/Desktop/dpl/week5/school/config/initializers/session_store.rb": [
        null,
        null,
        1
      ],
      "/Users/marabd/Desktop/dpl/week5/school/config/initializers/wrap_parameters.rb": [
        null,
        null,
        null,
        null,
        null,
        null,
        1,
        1,
        null,
        null,
        null,
        null,
        null,
        null
      ],
      "/Users/marabd/Desktop/dpl/week5/school/spec/factories/classroom.rb": [
        null,
        null,
        null,
        null,
        null,
        null,
        null,
        null,
        null,
        null,
        null,
        null,
        null,
        null,
        null,
        null,
        null,
        null,
        null
      ],
      "/Users/marabd/Desktop/dpl/week5/school/spec/factories/schoolhouse.rb": [
        1,
        1,
        1,
        1,
        null,
        1,
        1,
        null,
        null,
        1,
        1,
        null,
        null,
        1,
        1,
        null,
        null,
        null
      ],
      "/Users/marabd/Desktop/dpl/week5/school/app/models/schoolhouse.rb": [
        1,
        1,
        1,
        null,
        1,
        0,
        null,
        null,
        1,
        0,
        0,
        0,
        0,
        null,
        0,
        null,
        null,
        null
      ],
      "/Users/marabd/Desktop/dpl/week5/school/config/routes.rb": [
        1,
        1,
        null,
        1,
        1,
        null,
        null,
        null
      ],
      "/Users/marabd/Desktop/dpl/week5/school/app/helpers/application_helper.rb": [
        1,
        null
      ],
      "/Users/marabd/Desktop/dpl/week5/school/app/helpers/classrooms_helper.rb": [
        1,
        null
      ],
      "/Users/marabd/Desktop/dpl/week5/school/app/helpers/schoolhouses_helper.rb": [
        1,
        null
      ],
      "/Users/marabd/Desktop/dpl/week5/school/app/controllers/classrooms_controller.rb": [
        1,
        1,
        1,
        null,
        1,
        0,
        null,
        null,
        1,
        null,
        null,
        1,
        0,
        null,
        null,
        1,
        0,
        0,
        0,
        null,
        0,
        null,
        null,
        null,
        1,
        0,
        0,
        null,
        0,
        null,
        null,
        null,
        1,
        null,
        null,
        1,
        0,
        0,
        null,
        null,
        1,
        null,
        1,
        0,
        null,
        null,
        1,
        0,
        null,
        null,
        1,
        0,
        null,
        null
      ],
      "/Users/marabd/Desktop/dpl/week5/school/app/controllers/application_controller.rb": [
        1,
        null,
        null,
        1,
        null
      ]
    },
    "timestamp": 1465768145
  }
}
